[2021-04-17 17:03:27,638] DEBUG in root: the message======0,ID= reply679
[2021-04-17 17:03:42,004] DEBUG in root: [{'time-stamp': '2021-04-14 15:32:11.309128', 'in-reply-to': 'dm06', 'receivingUsername': 'chuntttttt', 'dmID': 'dm07', 'sendingUsername': 'arny', 'message': 'Why wouldnt we?'}, {'time-stamp': '2021-04-17 17:01:24.912537', 'in-reply-to': 'dm644', 'dmID': 'reply250', 'message': '1'}, {'time-stamp': '2021-04-14 15:32:11.309128', 'in-reply-to': 'dm07', 'receivingUsername': 'arny', 'dmID': 'dm08', 'sendingUsername': 'chuntttttt', 'message': 'Dont sas me bro!'}, {'time-stamp': '2021-04-17 16:56:15.675656', 'in-reply-to': 'dm644', 'dmID': 'reply505', 'message': 'yo homeboy'}, {'time-stamp': '2021-04-14 16:32:11.309128', 'in-reply-to': 'dm01', 'receivingUsername': 'bubbly_snowflake', 'dmID': 'dm02', 'sendingUsername': 'music_viking', 'message': 'Thanks, I appreciate it.'}, {'time-stamp': '2021-04-14 17:32:11.309128', 'receivingUsername': 'rage_quitter1', 'dmID': 'dm03', 'sendingUsername': 'stealtheddefender', 'message': 'Why did you quit?'}, {'time-stamp': '2021-04-15 15:32:11.309128', 'receivingUsername': 'dravenfact', 'dmID': 'dm05', 'sendingUsername': 'need_more_coffee', 'message': 'Do you like coffee?'}, {'time-stamp': '2021-04-15 15:32:11.309128', 'receivingUsername': 'arny', 'dmID': 'dm06', 'sendingUsername': 'chuntttttt', 'message': 'Are we doing the podcast tomorrow?'}, {'time-stamp': '2021-04-17 16:53:46.393925', 'receivingUsername': 'Abhishek', 'quickReplies': ['Yes', 'No'], 'dmID': 'dm644', 'sendingUsername': 'Manuel', 'message': 'Yo whatsup'}, {'time-stamp': '2021-04-17 16:52:53.442169', 'receivingUsername': 'Mitali', 'dmID': 'dm847', 'sendingUsername': 'Divya', 'message': 'Yo whatsup girl'}, {'time-stamp': '2021-04-14 15:32:11.309128', 'receivingUsername': 'chuntttttt', 'dmID': 'dm11', 'sendingUsername': 'usidor_the_blue', 'message': 'STOP FIGHTING!!!'}, {'time-stamp': '2021-04-14 18:32:11.309128', 'receivingUsername': 'readingpro', 'dmID': 'dm04', 'sendingUsername': 'blaze assault', 'message': 'Hi'}, {'time-stamp': '2021-04-17 16:56:08.407011', 'in-reply-to': 'dm644', 'dmID': 'reply294', 'message': '0'}, {'time-stamp': '2021-04-14 15:32:11.309128', 'receivingUsername': 'music_viking', 'dmID': 'dm01', 'sendingUsername': 'bubbly_snowflake', 'message': 'Dude, I freaken love your music!'}, {'time-stamp': '2021-04-17 17:03:27.638401', 'in-reply-to': 'dm644', 'dmID': 'reply679', 'message': '0'}, {'time-stamp': '2021-04-14 15:32:11.309128', 'in-reply-to': 'dm08', 'receivingUsername': 'chuntttttt', 'dmID': 'dm09', 'sendingUsername': 'arny', 'message': 'Lets go bro!'}, {'time-stamp': '2021-04-17 16:55:04.692663', 'in-reply-to': 'dm847', 'dmID': 'reply993', 'message': 'All good man, all good'}, {'time-stamp': '2021-04-17 16:58:17.931149', 'in-reply-to': 'dm644', 'dmID': 'reply284', 'message': '1'}, {'time-stamp': '2021-04-14 15:32:11.309128', 'receivingUsername': 'chuntttttt', 'dmID': 'dm10', 'sendingUsername': 'usidor_the_blue', 'message': 'STOP FIGHTING!!!'}]
[2021-04-17 17:04:44,114] DEBUG in root: DM logging enabled
[2021-04-17 17:05:03,868] DEBUG in root: DM logging enabled
[2021-04-17 17:05:08,513] DEBUG in root: DM logging enabled
[2021-04-17 17:05:14,694] DEBUG in root: the message======pagal hai kya,ID= reply746
[2021-04-19 10:10:09,063] DEBUG in root: Requests logging enabled
[2021-04-19 10:10:09,357] DEBUG in root: DM logging enabled
[2021-04-19 10:12:24,176] DEBUG in root: Requests logging enabled
[2021-04-19 10:12:24,529] DEBUG in root: DM logging enabled
[2021-04-19 10:14:12,577] INFO in root: ('bubbly_snowflake', 'Password100')
[2021-04-19 10:15:18,445] DEBUG in root: Requests logging enabled
[2021-04-19 10:15:21,109] INFO in root: ('bubbly_snowflake', 'Password100')
[2021-04-19 10:15:28,597] INFO in root: ('bubbly_snowflake', 'Password100')
[2021-04-19 10:16:04,416] INFO in root: ('bubbly_snowflake', 'Password100')
[2021-04-19 10:16:04,417] DEBUG in root: Upstream URL: http://localhost:5300/directMessages/dm06/reply
[2021-04-19 10:16:10,377] INFO in root: ('bubbly_snowflake', 'Password100')
[2021-04-19 10:16:23,439] INFO in root: ('bubbly_snowflake', 'Password100')
[2021-04-19 10:16:23,445] DEBUG in root: Upstream URL: http://localhost:5300/directMessages/chuntttttt
[2021-04-19 10:19:23,877] INFO in root: None
[2021-04-19 10:20:55,719] DEBUG in root: Requests logging enabled
[2021-04-19 10:21:51,637] DEBUG in root: Requests logging enabled
[2021-04-19 10:21:58,119] INFO in root: None
[2021-04-19 10:23:01,362] DEBUG in root: Requests logging enabled
[2021-04-19 10:23:01,575] DEBUG in root: DM logging enabled
[2021-04-19 10:23:14,254] INFO in root: ('bubbly_snowflake', 'Password100')
[2021-04-19 10:24:16,411] DEBUG in root: Requests logging enabled
[2021-04-19 10:24:22,674] INFO in root: None
[2021-04-19 10:24:22,675] DEBUG in root: Upstream URL: http://localhost:5300/directMessages
[2021-04-19 10:25:01,752] DEBUG in root: Requests logging enabled
[2021-04-19 10:25:22,059] INFO in root: ('bubbly_snowflake', 'Password100')
[2021-04-19 10:28:33,926] INFO in root: ('bubbly_snowflake', 'Password100')
[2021-04-19 10:32:16,389] DEBUG in root: Requests logging enabled
[2021-04-19 10:32:28,564] INFO in root: ('bubbly_snowflake', 'Password100')
[2021-04-19 10:32:28,571] DEBUG in root: Upstream URL: http://localhost:5300/directMessages
[2021-04-19 10:33:57,382] INFO in root: ('bubbly_snowflake', 'Password100')
[2021-04-19 10:33:57,389] DEBUG in root: Upstream URL: http://localhost:5300/directMessages/bubbly_snowflake
[2021-04-19 10:36:29,910] INFO in root: ('bubbly_snowflake', 'Password100')
[2021-04-19 10:36:29,910] DEBUG in root: Upstream URL: http://localhost:5300/directMessages
[2021-04-20 14:01:37,514] DEBUG in root: Requests logging enabled
[2021-04-20 14:01:37,907] DEBUG in root: DM logging enabled
[2021-04-20 14:02:05,852] DEBUG in root: Requests logging enabled
[2021-04-20 14:02:06,096] DEBUG in root: DM logging enabled
[2021-04-20 14:03:09,812] INFO in root: ('bubbly_snowflake', 'Password100')
[2021-04-20 14:03:09,812] DEBUG in root: Upstream URL: http://localhost:5300/directMessages/chuntttttt
[2021-04-20 14:06:10,617] INFO in root: ('chuntttttt', 'Password115')
[2021-04-20 14:06:10,618] DEBUG in root: Upstream URL: http://localhost:5300/directMessages/chuntttttt
[2021-04-20 14:17:58,896] DEBUG in root: Requests logging enabled
[2021-04-20 14:17:59,173] DEBUG in root: DM logging enabled
[2021-04-20 14:18:06,310] INFO in root: ('chuntttttt', 'Password115')
[2021-04-20 14:18:06,315] DEBUG in root: Upstream URL: http://localhost:5300/directMessages/chuntttttt
[2021-04-20 14:18:33,126] INFO in root: ('chuntttttt', 'Password115')
[2021-04-20 14:18:33,127] DEBUG in root: Upstream URL: http://localhost:5300/directMessages/dm06/reply
