[2021-04-03 00:25:18,257] INFO in root: user=johnny, pass=pass1
[2021-04-03 00:25:18,279] INFO in root: Response1===== <Response [500]>
[2021-04-03 00:25:18,279] INFO in root: Auth == True
[2021-04-03 00:25:18,280] DEBUG in root: Upstream URL: http://localhost:5200/timeline/bubbly_snowflake/home
[2021-04-03 00:25:18,280] DEBUG in root: {'Content-Length': '0', 'Content-Type': 'text/plain', 'Host': 'localhost:5000', 'User-Agent': 'HTTPie/2.4.0', 'Accept-Encoding': 'gzip, deflate', 'Accept': '*/*', 'Connection': 'keep-alive', 'Authorization': 'Basic johnny:pass1'}
[2021-04-03 00:26:07,211] INFO in root: ================hi===========
[2021-04-03 00:26:07,211] DEBUG in root: Requests logging enabled
[2021-04-03 00:26:15,453] INFO in root: user=johnny, pass=pass1
[2021-04-03 00:26:15,473] INFO in root: Response1===== <Response [500]>
[2021-04-03 00:26:15,473] INFO in root: Auth == True
[2021-04-03 00:26:15,473] DEBUG in root: Upstream URL: http://localhost:5200/timeline/bubbly_snowflake/home
[2021-04-03 00:26:15,474] DEBUG in root: {'Content-Length': '0', 'Content-Type': 'text/plain', 'Host': 'localhost:5000', 'User-Agent': 'HTTPie/2.4.0', 'Accept-Encoding': 'gzip, deflate', 'Accept': '*/*', 'Connection': 'keep-alive', 'Authorization': 'Basic johnny:pass1'}
[2021-04-03 00:27:00,449] INFO in root: user=bubbly_snowflake, pass=Password100
[2021-04-03 00:27:00,457] INFO in root: Response1===== <Response [500]>
[2021-04-03 00:27:00,457] INFO in root: Auth == True
[2021-04-03 00:27:00,457] DEBUG in root: Upstream URL: http://localhost:5201/timeline/bubbly_snowflake/home
[2021-04-03 00:27:00,458] DEBUG in root: {'Content-Length': '0', 'Content-Type': 'text/plain', 'Host': 'localhost:5000', 'User-Agent': 'HTTPie/2.4.0', 'Accept-Encoding': 'gzip, deflate', 'Accept': '*/*', 'Connection': 'keep-alive', 'Authorization': 'Basic bubbly_snowflake:Password100'}
[2021-04-03 00:29:51,570] INFO in root: ================hi===========
[2021-04-03 00:29:51,572] DEBUG in root: Requests logging enabled
[2021-04-03 00:29:59,986] INFO in root: user=bubbly_snowflake, pass=Password100
